<?xml version="1.0" encoding="UTF-8"?>
<!-- Generated by org.testng.reporters.JUnitReportReporter -->
<testsuite skipped="0" hostname="SLKGROUPGB-L107" name="testcases.LoginToSmartProp" tests="2" failures="0" timestamp="17 Jul 2019 13:25:09 GMT" time="25.460" errors="0">
  <testcase name="navigateTo_MasterReport" time="12.925" classname="testcases.LoginToSmartProp"/>
  <testcase name="navigateTo_MasterReport" time="12.535" classname="testcases.LoginToSmartProp"/>
</testsuite> <!-- testcases.LoginToSmartProp -->
